<?xml version="1.0" encoding="UTF-8"?>
<!-- Generated by org.testng.reporters.JUnitXMLReporter -->
<testsuite ignored="0" hostname="KEREM" failures="1" tests="6" name="Test" time="0.045" errors="0" timestamp="2020-04-13T01:01:27 EET">
  <testcase classname="Works.RESTAPITest" name="deleteTwitter" time="0.007"/>
  <testcase classname="Works.RESTAPITest" name="postJira" time="0.001"/>
  <testcase classname="Works.SeleniumTest" name="browserAutomation" time="0.001"/>
  <testcase classname="Works.SeleniumTest" name="elementsUI" time="0.001"/>
  <testcase classname="Works.AppiumTest" name="IOSApps" time="0.003">
    <failure type="junit.framework.AssertionFailedError">
      <![CDATA[junit.framework.AssertionFailedError
at junit.framework.Assert.fail(Assert.java:47)
at junit.framework.Assert.assertTrue(Assert.java:20)
at junit.framework.Assert.assertTrue(Assert.java:27)
at Works.AppiumTest.IOSApps(AppiumTest.java:22)
at java.base/java.util.ArrayList.forEach(ArrayList.java:1507)
... Removed 27 stack frames]]>
    </failure>
  </testcase> <!-- IOSApps -->
  <testcase classname="Works.AppiumTest" name="nativeAppAndroid" time="0.001"/>
</testsuite> <!-- Test -->
