<?xml version="1.0" encoding="UTF-8"?>
<!-- Generated by org.testng.reporters.JUnitXMLReporter -->
<testsuite ignored="0" hostname="KEREM" failures="0" tests="6" name="Test" time="0.034" errors="0" timestamp="2020-04-12T23:51:38 EET">
  <testcase classname="Works.RESTAPITest" name="deleteTwitter" time="0.005"/>
  <testcase classname="Works.RESTAPITest" name="postJira" time="0.0"/>
  <testcase classname="Works.SeleniumTest" name="browserAutomation" time="0.0"/>
  <testcase classname="Works.SeleniumTest" name="elementsUI" time="0.0"/>
  <testcase classname="Works.AppiumTest" name="IOSApps" time="0.0"/>
  <testcase classname="Works.AppiumTest" name="nativeAppAndroid" time="0.0"/>
</testsuite> <!-- Test -->
