<?xml version="1.0" encoding="UTF-8"?>
<testng-results ignored="0" total="6" passed="6" failed="0" skipped="0">
  <reporter-output>
  </reporter-output>
  <suite started-at="2020-04-12T23:51:38 EET" name="Suite" finished-at="2020-04-12T23:51:38 EET" duration-ms="34">
    <groups>
    </groups>
    <test started-at="2020-04-12T23:51:38 EET" name="Test" finished-at="2020-04-12T23:51:38 EET" duration-ms="34">
      <class name="Works.RESTAPITest">
        <test-method signature="deleteTwitter()[pri:0, instance:Works.RESTAPITest@35083305]" started-at="2020-04-12T23:51:38 EET" name="deleteTwitter" finished-at="2020-04-12T23:51:38 EET" duration-ms="5" status="PASS">
          <reporter-output>
          </reporter-output>
        </test-method> <!-- deleteTwitter -->
        <test-method signature="postJira()[pri:0, instance:Works.RESTAPITest@35083305]" started-at="2020-04-12T23:51:38 EET" name="postJira" finished-at="2020-04-12T23:51:38 EET" duration-ms="0" status="PASS">
          <reporter-output>
          </reporter-output>
        </test-method> <!-- postJira -->
      </class> <!-- Works.RESTAPITest -->
      <class name="Works.SeleniumTest">
        <test-method signature="browserAutomation()[pri:0, instance:Works.SeleniumTest@8e0379d]" started-at="2020-04-12T23:51:38 EET" name="browserAutomation" finished-at="2020-04-12T23:51:38 EET" duration-ms="0" status="PASS">
          <reporter-output>
          </reporter-output>
        </test-method> <!-- browserAutomation -->
        <test-method signature="elementsUI()[pri:0, instance:Works.SeleniumTest@8e0379d]" started-at="2020-04-12T23:51:38 EET" name="elementsUI" finished-at="2020-04-12T23:51:38 EET" duration-ms="0" status="PASS">
          <reporter-output>
          </reporter-output>
        </test-method> <!-- elementsUI -->
      </class> <!-- Works.SeleniumTest -->
      <class name="Works.AppiumTest">
        <test-method signature="nativeAppAndroid()[pri:0, instance:Works.AppiumTest@341b80b2]" started-at="2020-04-12T23:51:38 EET" name="nativeAppAndroid" finished-at="2020-04-12T23:51:38 EET" duration-ms="0" status="PASS">
          <reporter-output>
          </reporter-output>
        </test-method> <!-- nativeAppAndroid -->
        <test-method signature="IOSApps()[pri:0, instance:Works.AppiumTest@341b80b2]" started-at="2020-04-12T23:51:38 EET" name="IOSApps" finished-at="2020-04-12T23:51:38 EET" duration-ms="0" status="PASS">
          <reporter-output>
          </reporter-output>
        </test-method> <!-- IOSApps -->
      </class> <!-- Works.AppiumTest -->
    </test> <!-- Test -->
  </suite> <!-- Suite -->
</testng-results>
